Copyright 1986-2021 Xilinx, Inc. All Rights Reserved.
------------------------------------------------------------------------------------
| Tool Version : Vivado v.2021.1 (lin64) Build 3247384 Thu Jun 10 19:36:07 MDT 2021
| Date         : Sat Sep 18 18:23:23 2021
| Host         : WD-SN850 running 64-bit Ubuntu 20.04.3 LTS
| Command      : report_utilization -file ./results/post_route_utilization.rpt
| Design       : top
| Device       : xczu7evffvc1156-2
| Design State : Routed
------------------------------------------------------------------------------------

Utilization Design Information

Table of Contents
-----------------
1. CLB Logic
1.1 Summary of Registers by Type
2. CLB Logic Distribution
3. BLOCKRAM
4. ARITHMETIC
5. I/O
6. CLOCK
7. ADVANCED
8. CONFIGURATION
9. Primitives
10. Black Boxes
11. Instantiated Netlists

1. CLB Logic
------------

+----------------------------+-------+-------+------------+-----------+-------+
|          Site Type         |  Used | Fixed | Prohibited | Available | Util% |
+----------------------------+-------+-------+------------+-----------+-------+
| CLB LUTs                   | 20503 |     0 |          0 |    230400 |  8.90 |
|   LUT as Logic             | 15829 |     0 |          0 |    230400 |  6.87 |
|   LUT as Memory            |  4674 |     0 |          0 |    101760 |  4.59 |
|     LUT as Distributed RAM |  2474 |     0 |            |           |       |
|     LUT as Shift Register  |  2200 |     0 |            |           |       |
| CLB Registers              | 25314 |     0 |          0 |    460800 |  5.49 |
|   Register as Flip Flop    | 25314 |     0 |          0 |    460800 |  5.49 |
|   Register as Latch        |     0 |     0 |          0 |    460800 |  0.00 |
| CARRY8                     |    12 |     0 |          0 |     28800 |  0.04 |
| F7 Muxes                   |   172 |     0 |          0 |    115200 |  0.15 |
| F8 Muxes                   |    32 |     0 |          0 |     57600 |  0.06 |
| F9 Muxes                   |     0 |     0 |          0 |     28800 |  0.00 |
+----------------------------+-------+-------+------------+-----------+-------+


1.1 Summary of Registers by Type
--------------------------------

+-------+--------------+-------------+--------------+
| Total | Clock Enable | Synchronous | Asynchronous |
+-------+--------------+-------------+--------------+
| 0     |            _ |           - |            - |
| 0     |            _ |           - |          Set |
| 0     |            _ |           - |        Reset |
| 0     |            _ |         Set |            - |
| 0     |            _ |       Reset |            - |
| 0     |          Yes |           - |            - |
| 0     |          Yes |           - |          Set |
| 126   |          Yes |           - |        Reset |
| 712   |          Yes |         Set |            - |
| 24476 |          Yes |       Reset |            - |
+-------+--------------+-------------+--------------+


2. CLB Logic Distribution
-------------------------

+--------------------------------------------+-------+-------+------------+-----------+-------+
|                  Site Type                 |  Used | Fixed | Prohibited | Available | Util% |
+--------------------------------------------+-------+-------+------------+-----------+-------+
| CLB                                        |  4030 |     0 |          0 |     28800 | 13.99 |
|   CLBL                                     |  1999 |     0 |            |           |       |
|   CLBM                                     |  2031 |     0 |            |           |       |
| LUT as Logic                               | 15829 |     0 |          0 |    230400 |  6.87 |
|   using O5 output only                     |   626 |       |            |           |       |
|   using O6 output only                     | 10991 |       |            |           |       |
|   using O5 and O6                          |  4212 |       |            |           |       |
| LUT as Memory                              |  4674 |     0 |          0 |    101760 |  4.59 |
|   LUT as Distributed RAM                   |  2474 |     0 |            |           |       |
|     using O5 output only                   |     0 |       |            |           |       |
|     using O6 output only                   |    18 |       |            |           |       |
|     using O5 and O6                        |  2456 |       |            |           |       |
|   LUT as Shift Register                    |  2200 |     0 |            |           |       |
|     using O5 output only                   |     0 |       |            |           |       |
|     using O6 output only                   |  2200 |       |            |           |       |
|     using O5 and O6                        |     0 |       |            |           |       |
| CLB Registers                              | 25314 |     0 |          0 |    460800 |  5.49 |
|   Register driven from within the CLB      | 16974 |       |            |           |       |
|   Register driven from outside the CLB     |  8340 |       |            |           |       |
|     LUT in front of the register is unused |  5273 |       |            |           |       |
|     LUT in front of the register is used   |  3067 |       |            |           |       |
| Unique Control Sets                        |  1440 |       |          0 |     57600 |  2.50 |
+--------------------------------------------+-------+-------+------------+-----------+-------+
* * Note: Available Control Sets calculated as Slices * 2, Review the Control Sets Report for more information regarding control sets.


3. BLOCKRAM
-----------

+-------------------+------+-------+------------+-----------+-------+
|     Site Type     | Used | Fixed | Prohibited | Available | Util% |
+-------------------+------+-------+------------+-----------+-------+
| Block RAM Tile    |    1 |     0 |          0 |       312 |  0.32 |
|   RAMB36/FIFO*    |    1 |     0 |          0 |       312 |  0.32 |
|     RAMB36E2 only |    1 |       |            |           |       |
|   RAMB18          |    0 |     0 |          0 |       624 |  0.00 |
| URAM              |   64 |     0 |          0 |        96 | 66.67 |
+-------------------+------+-------+------------+-----------+-------+
* Note: Each Block RAM Tile only has one FIFO logic available and therefore can accommodate only one FIFO36E2 or one FIFO18E2. However, if a FIFO18E2 occupies a Block RAM Tile, that tile can still accommodate a RAMB18E2


4. ARITHMETIC
-------------

+-----------+------+-------+------------+-----------+-------+
| Site Type | Used | Fixed | Prohibited | Available | Util% |
+-----------+------+-------+------------+-----------+-------+
| DSPs      |    0 |     0 |          0 |      1728 |  0.00 |
+-----------+------+-------+------------+-----------+-------+


5. I/O
------

+------------------+------+-------+------------+-----------+-------+
|     Site Type    | Used | Fixed | Prohibited | Available | Util% |
+------------------+------+-------+------------+-----------+-------+
| Bonded IOB       |    4 |     4 |          0 |       360 |  1.11 |
| HPIOB_M          |    0 |     0 |          0 |       144 |  0.00 |
| HPIOB_S          |    0 |     0 |          0 |       144 |  0.00 |
| HDIOB_M          |    2 |     2 |          0 |        24 |  8.33 |
|   INPUT          |    0 |       |            |           |       |
|   OUTPUT         |    2 |       |            |           |       |
|   BIDIR          |    0 |       |            |           |       |
| HDIOB_S          |    2 |     2 |          0 |        24 |  8.33 |
|   INPUT          |    0 |       |            |           |       |
|   OUTPUT         |    2 |       |            |           |       |
|   BIDIR          |    0 |       |            |           |       |
| HPIOB_SNGL       |    0 |     0 |          0 |        24 |  0.00 |
| HPIOBDIFFINBUF   |    0 |     0 |          0 |       192 |  0.00 |
| HPIOBDIFFOUTBUF  |    0 |     0 |          0 |       192 |  0.00 |
| HDIOBDIFFINBUF   |    0 |     0 |          0 |        48 |  0.00 |
| BITSLICE_CONTROL |    0 |     0 |          0 |        64 |  0.00 |
| BITSLICE_RX_TX   |    0 |     0 |          0 |      2496 |  0.00 |
| BITSLICE_TX      |    0 |     0 |          0 |        64 |  0.00 |
| RIU_OR           |    0 |     0 |          0 |        32 |  0.00 |
+------------------+------+-------+------------+-----------+-------+


6. CLOCK
--------

+----------------------+------+-------+------------+-----------+-------+
|       Site Type      | Used | Fixed | Prohibited | Available | Util% |
+----------------------+------+-------+------------+-----------+-------+
| GLOBAL CLOCK BUFFERs |    1 |     0 |          0 |       544 |  0.18 |
|   BUFGCE             |    0 |     0 |          0 |       208 |  0.00 |
|   BUFGCE_DIV         |    0 |     0 |          0 |        32 |  0.00 |
|   BUFG_GT            |    0 |     0 |          0 |       144 |  0.00 |
|   BUFG_PS            |    1 |     0 |          0 |        96 |  1.04 |
|   BUFGCTRL*          |    0 |     0 |          0 |        64 |  0.00 |
| PLL                  |    0 |     0 |          0 |        16 |  0.00 |
| MMCM                 |    0 |     0 |          0 |         8 |  0.00 |
+----------------------+------+-------+------------+-----------+-------+
* Note: Each used BUFGCTRL counts as two GLOBAL CLOCK BUFFERs. This table does not include global clocking resources, only buffer cell usage. See the Clock Utilization Report (report_clock_utilization) for detailed accounting of global clocking resource availability.


7. ADVANCED
-----------

+-----------------+------+-------+------------+-----------+--------+
|    Site Type    | Used | Fixed | Prohibited | Available |  Util% |
+-----------------+------+-------+------------+-----------+--------+
| GTHE4_CHANNEL   |    0 |     0 |          0 |        20 |   0.00 |
| GTHE4_COMMON    |    0 |     0 |          0 |         5 |   0.00 |
| OBUFDS_GTE4     |    0 |     0 |          0 |        10 |   0.00 |
| OBUFDS_GTE4_ADV |    0 |     0 |          0 |        10 |   0.00 |
| PCIE40E4        |    0 |     0 |          0 |         2 |   0.00 |
| PS8             |    1 |     0 |          0 |         1 | 100.00 |
| SYSMONE4        |    0 |     0 |          0 |         1 |   0.00 |
| VCU             |    0 |     0 |          0 |         1 |   0.00 |
+-----------------+------+-------+------------+-----------+--------+


8. CONFIGURATION
----------------

+-------------+------+-------+------------+-----------+-------+
|  Site Type  | Used | Fixed | Prohibited | Available | Util% |
+-------------+------+-------+------------+-----------+-------+
| BSCANE2     |    0 |     0 |          0 |         4 |  0.00 |
| DNA_PORTE2  |    0 |     0 |          0 |         1 |  0.00 |
| EFUSE_USR   |    0 |     0 |          0 |         1 |  0.00 |
| FRAME_ECCE4 |    0 |     0 |          0 |         1 |  0.00 |
| ICAPE3      |    0 |     0 |          0 |         2 |  0.00 |
| MASTER_JTAG |    0 |     0 |          0 |         1 |  0.00 |
| STARTUPE3   |    0 |     0 |          0 |         1 |  0.00 |
+-------------+------+-------+------------+-----------+-------+


9. Primitives
-------------

+----------+-------+---------------------+
| Ref Name |  Used | Functional Category |
+----------+-------+---------------------+
| FDRE     | 24476 |            Register |
| LUT6     |  5815 |                 CLB |
| LUT5     |  5211 |                 CLB |
| RAMD32   |  4316 |                 CLB |
| LUT3     |  4308 |                 CLB |
| LUT4     |  2789 |                 CLB |
| SRLC32E  |  1533 |                 CLB |
| LUT2     |  1438 |                 CLB |
| FDSE     |   712 |            Register |
| SRL16E   |   667 |                 CLB |
| RAMS32   |   614 |                 CLB |
| LUT1     |   480 |                 CLB |
| MUXF7    |   172 |                 CLB |
| FDCE     |   126 |            Register |
| URAM288  |    64 |            BLOCKRAM |
| MUXF8    |    32 |                 CLB |
| CARRY8   |    12 |                 CLB |
| OBUF     |     4 |                 I/O |
| RAMB36E2 |     1 |            BLOCKRAM |
| PS8      |     1 |            Advanced |
| BUFG_PS  |     1 |               Clock |
+----------+-------+---------------------+


10. Black Boxes
---------------

+----------+------+
| Ref Name | Used |
+----------+------+


11. Instantiated Netlists
-------------------------

+----------+------+
| Ref Name | Used |
+----------+------+


